[    0.000000] Initializing cgroup subsys cpuset
[    0.000000] Initializing cgroup subsys cpu
[    0.000000] Initializing cgroup subsys cpuacct
[    0.000000] Linux version 4.4.0-31-generic (buildd@lgw01-16) (gcc version 5.3.1 20160413 (Ubuntu 5.3.1-14ubuntu2.1) ) #50-Ubuntu SMP Wed Jul 13 00:07:12 UTC 2016 (Ubuntu 4.4.0-31.50-generic 4.4.13)
[    0.000000] Command line: BOOT_IMAGE=/boot/vmlinuz-4.4.0-31-generic root=UUID=a01e2ccd-9f22-4bd5-9515-6a83c8e13966 ro console=tty1 console=ttyS0
[    0.000000] KERNEL supported cpus:
[    0.000000]   Intel GenuineIntel
[    0.000000]   AMD AuthenticAMD
[    0.000000]   Centaur CentaurHauls
[    0.000000] x86/fpu: Legacy x87 FPU detected.
[    0.000000] x86/fpu: Using 'lazy' FPU context switches.
[    0.000000] e820: BIOS-provided physical RAM map:
[    0.000000] BIOS-e820: [mem 0x0000000000000000-0x000000000009fbff] usable
[    0.000000] BIOS-e820: [mem 0x000000000009fc00-0x000000000009ffff] reserved
[    0.000000] BIOS-e820: [mem 0x00000000000f0000-0x00000000000fffff] reserved
[    0.000000] BIOS-e820: [mem 0x0000000000100000-0x000000001ffeffff] usable
[    0.000000] BIOS-e820: [mem 0x000000001fff0000-0x000000001fffffff] ACPI data
[    0.000000] BIOS-e820: [mem 0x00000000fffc0000-0x00000000ffffffff] reserved
[    0.000000] NX (Execute Disable) protection: active
[    0.000000] SMBIOS 2.5 present.
[    0.000000] Hypervisor detected: KVM
[    0.000000] e820: last_pfn = 0x1fff0 max_arch_pfn = 0x400000000
[    0.000000] x86/PAT: Configuration [0-7]: WB  WC  UC- UC  WB  WC  UC- WT  
[    0.000000] MTRR: Disabled
[    0.000000] CPU MTRRs all blank - virtualized system.
[    0.000000] found SMP MP-table at [mem 0x0009fff0-0x0009ffff] mapped at [ffff88000009fff0]
[    0.000000] Scanning 1 areas for low memory corruption
[    0.000000] RAMDISK: [mem 0x1ec8a000-0x1f6ecfff]
[    0.000000] ACPI: Early table checksum verification disabled
[    0.000000] ACPI: RSDP 0x00000000000E0000 000024 (v02 VBOX  )
[    0.000000] ACPI: XSDT 0x000000001FFF0030 00003C (v01 VBOX   VBOXXSDT 00000001 ASL  00000061)
[    0.000000] ACPI: FACP 0x000000001FFF00F0 0000F4 (v04 VBOX   VBOXFACP 00000001 ASL  00000061)
[    0.000000] ACPI: DSDT 0x000000001FFF0470 002118 (v01 VBOX   VBOXBIOS 00000002 INTL 20100528)
[    0.000000] ACPI: FACS 0x000000001FFF0200 000040
[    0.000000] ACPI: FACS 0x000000001FFF0200 000040
[    0.000000] ACPI: APIC 0x000000001FFF0240 000054 (v02 VBOX   VBOXAPIC 00000001 ASL  00000061)
[    0.000000] ACPI: SSDT 0x000000001FFF02A0 0001CC (v01 VBOX   VBOXCPUT 00000002 INTL 20100528)
[    0.000000] No NUMA configuration found
[    0.000000] Faking a node at [mem 0x0000000000000000-0x000000001ffeffff]
[    0.000000] NODE_DATA(0) allocated [mem 0x1ffeb000-0x1ffeffff]
[    0.000000] kvm-clock: Using msrs 4b564d01 and 4b564d00
[    0.000000] kvm-clock: cpu 0, msr 0:1ffe7001, primary cpu clock
[    0.000000] kvm-clock: using sched offset of 4245433634 cycles
[    0.000000] clocksource: kvm-clock: mask: 0xffffffffffffffff max_cycles: 0x1cd42e4dffb, max_idle_ns: 881590591483 ns
[    0.000000] Zone ranges:
[    0.000000]   DMA      [mem 0x0000000000001000-0x0000000000ffffff]
[    0.000000]   DMA32    [mem 0x0000000001000000-0x000000001ffeffff]
[    0.000000]   Normal   empty
[    0.000000]   Device   empty
[    0.000000] Movable zone start for each node
[    0.000000] Early memory node ranges
[    0.000000]   node   0: [mem 0x0000000000001000-0x000000000009efff]
[    0.000000]   node   0: [mem 0x0000000000100000-0x000000001ffeffff]
[    0.000000] Initmem setup node 0 [mem 0x0000000000001000-0x000000001ffeffff]
[    0.000000] ACPI: PM-Timer IO Port: 0x4008
[    0.000000] IOAPIC[0]: apic_id 1, version 17, address 0xfec00000, GSI 0-23
[    0.000000] ACPI: INT_SRC_OVR (bus 0 bus_irq 0 global_irq 2 dfl dfl)
[    0.000000] ACPI: INT_SRC_OVR (bus 0 bus_irq 9 global_irq 9 high level)
[    0.000000] Using ACPI (MADT) for SMP configuration information
[    0.000000] smpboot: Allowing 1 CPUs, 0 hotplug CPUs
[    0.000000] PM: Registered nosave memory: [mem 0x00000000-0x00000fff]
[    0.000000] PM: Registered nosave memory: [mem 0x0009f000-0x0009ffff]
[    0.000000] PM: Registered nosave memory: [mem 0x000a0000-0x000effff]
[    0.000000] PM: Registered nosave memory: [mem 0x000f0000-0x000fffff]
[    0.000000] e820: [mem 0x20000000-0xfffbffff] available for PCI devices
[    0.000000] Booting paravirtualized kernel on KVM
[    0.000000] clocksource: refined-jiffies: mask: 0xffffffff max_cycles: 0xffffffff, max_idle_ns: 7645519600211568 ns
[    0.000000] setup_percpu: NR_CPUS:256 nr_cpumask_bits:256 nr_cpu_ids:1 nr_node_ids:1
[    0.000000] PERCPU: Embedded 33 pages/cpu @ffff88001fc00000 s98008 r8192 d28968 u2097152
[    0.000000] PV qspinlock hash table entries: 256 (order: 0, 4096 bytes)
[    0.000000] Built 1 zonelists in Node order, mobility grouping on.  Total pages: 128889
[    0.000000] Policy zone: DMA32
[    0.000000] Kernel command line: BOOT_IMAGE=/boot/vmlinuz-4.4.0-31-generic root=UUID=a01e2ccd-9f22-4bd5-9515-6a83c8e13966 ro console=tty1 console=ttyS0
[    0.000000] PID hash table entries: 2048 (order: 2, 16384 bytes)
[    0.000000] Memory: 486056K/523832K available (8393K kernel code, 1282K rwdata, 3940K rodata, 1480K init, 1292K bss, 37776K reserved, 0K cma-reserved)
[    0.000000] SLUB: HWalign=64, Order=0-3, MinObjects=0, CPUs=1, Nodes=1
[    0.000000] Hierarchical RCU implementation.
[    0.000000] 	Build-time adjustment of leaf fanout to 64.
[    0.000000] 	RCU restricting CPUs from NR_CPUS=256 to nr_cpu_ids=1.
[    0.000000] RCU: Adjusting geometry for rcu_fanout_leaf=64, nr_cpu_ids=1
[    0.000000] NR_IRQS:16640 nr_irqs:256 16
[    0.000000] Console: colour VGA+ 80x25
[    0.000000] console [tty1] enabled
[    0.000000] console [ttyS0] enabled
[    0.000000] tsc: Detected 2659.998 MHz processor
[    0.388597] Calibrating delay loop (skipped) preset value.. 5319.99 BogoMIPS (lpj=10639992)
[    0.392542] pid_max: default: 32768 minimum: 301
[    0.394709] ACPI: Core revision 20150930
[    0.398034] ACPI: 2 ACPI AML tables successfully acquired and loaded
[    0.401033] Security Framework initialized
[    0.402947] Yama: becoming mindful.
[    0.404731] AppArmor: AppArmor initialized
[    0.406772] Dentry cache hash table entries: 65536 (order: 7, 524288 bytes)
[    0.409841] Inode-cache hash table entries: 32768 (order: 6, 262144 bytes)
[    0.417006] Mount-cache hash table entries: 1024 (order: 1, 8192 bytes)
[    0.420288] Mountpoint-cache hash table entries: 1024 (order: 1, 8192 bytes)
[    0.423978] Initializing cgroup subsys io
[    0.426026] Initializing cgroup subsys memory
[    0.428041] Initializing cgroup subsys devices
[    0.430063] Initializing cgroup subsys freezer
[    0.432060] Initializing cgroup subsys net_cls
[    0.434085] Initializing cgroup subsys perf_event
[    0.436244] Initializing cgroup subsys net_prio
[    0.438295] Initializing cgroup subsys hugetlb
[    0.440827] Initializing cgroup subsys pids
[    0.446187] mce: CPU supports 0 MCE banks
[    0.449980] process: using mwait in idle threads
[    0.452069] Last level iTLB entries: 4KB 128, 2MB 4, 4MB 4
[    0.454461] Last level dTLB entries: 4KB 256, 2MB 0, 4MB 32, 1GB 0
[    0.848360] Freeing SMP alternatives memory: 28K (ffffffff820b4000 - ffffffff820bb000)
[    0.871101] ftrace: allocating 31994 entries in 125 pages
[    0.947024] smpboot: Max logical packages: 1
[    0.950724] smpboot: APIC(0) Converting physical 0 to logical package 0
[    0.956236] ..TIMER: vector=0x30 apic1=0 pin1=2 apic2=-1 pin2=-1
[    1.047757] APIC calibration not consistent with PM-Timer: 106ms instead of 100ms
[    1.066065] APIC delta adjusted to PM-Timer: 6454943 (6849828)
[    1.071356] smpboot: CPU0: Intel(R) Core(TM)2 Duo CPU     E8335  @ 2.66GHz (family: 0x6, model: 0x17, stepping: 0x6)
[    1.077667] Performance Events: unsupported p6 CPU model 23 no PMU driver, software events only.
[    1.086295] KVM setup paravirtual spinlock
[    1.089697] x86: Booted up 1 node, 1 CPUs
[    1.096001] smpboot: Total of 1 processors activated (5319.99 BogoMIPS)
[    1.100749] devtmpfs: initialized
[    1.108849] evm: security.selinux
[    1.110507] evm: security.SMACK64
[    1.112130] evm: security.SMACK64EXEC
[    1.113878] evm: security.SMACK64TRANSMUTE
[    1.115780] evm: security.SMACK64MMAP
[    1.117527] evm: security.ima
[    1.119073] evm: security.capability
[    1.123861] clocksource: jiffies: mask: 0xffffffff max_cycles: 0xffffffff, max_idle_ns: 7645041785100000 ns
[    1.128291] pinctrl core: initialized pinctrl subsystem
[    1.130748] RTC time: 18:15:25, date: 08/04/16
[    1.133008] NET: Registered protocol family 16
[    1.135256] cpuidle: using governor ladder
[    1.137148] cpuidle: using governor menu
[    1.139025] PCCT header not found.
[    1.140747] ACPI: bus type PCI registered
[    1.142591] acpiphp: ACPI Hot Plug PCI Controller Driver version: 0.5
[    1.145403] PCI: Using configuration type 1 for base access
[    1.149479] ACPI: Added _OSI(Module Device)
[    1.161117] ACPI: Added _OSI(Processor Device)
[    1.163128] ACPI: Added _OSI(3.0 _SCP Extensions)
[    1.166298] ACPI: Added _OSI(Processor Aggregator Device)
[    1.169695] ACPI: Executed 1 blocks of module-level executable AML code
[    1.178799] ACPI: Interpreter enabled
[    1.180571] ACPI Exception: AE_NOT_FOUND, While evaluating Sleep State [\_S1_] (20150930/hwxface-580)
[    1.184819] ACPI Exception: AE_NOT_FOUND, While evaluating Sleep State [\_S2_] (20150930/hwxface-580)
[    1.189051] ACPI Exception: AE_NOT_FOUND, While evaluating Sleep State [\_S3_] (20150930/hwxface-580)
[    1.193402] ACPI Exception: AE_NOT_FOUND, While evaluating Sleep State [\_S4_] (20150930/hwxface-580)
[    1.201521] ACPI: (supports S0 S5)
[    1.203219] ACPI: Using IOAPIC for interrupt routing
[    1.205575] PCI: Using host bridge windows from ACPI; if necessary, use "pci=nocrs" and report a bug
[    1.215372] ACPI: PCI Root Bridge [PCI0] (domain 0000 [bus 00-ff])
[    1.220926] acpi PNP0A03:00: _OSC: OS supports [ASPM ClockPM Segments MSI]
[    1.223724] acpi PNP0A03:00: _OSC failed (AE_NOT_FOUND); disabling ASPM
[    1.226556] acpi PNP0A03:00: fail to add MMCONFIG information, can't access extended PCI configuration space under this bridge.
[    1.231783] PCI host bridge to bus 0000:00
[    1.235648] pci_bus 0000:00: root bus resource [io  0x0000-0x0cf7 window]
[    1.241165] pci_bus 0000:00: root bus resource [io  0x0d00-0xffff window]
[    1.243920] pci_bus 0000:00: root bus resource [mem 0x000a0000-0x000bffff window]
[    1.247322] pci_bus 0000:00: root bus resource [mem 0x20000000-0xffdfffff window]
[    1.250771] pci_bus 0000:00: root bus resource [bus 00-ff]
[    1.264303] pci 0000:00:01.1: legacy IDE quirk: reg 0x10: [io  0x01f0-0x01f7]
[    1.271113] pci 0000:00:01.1: legacy IDE quirk: reg 0x14: [io  0x03f6]
[    1.273818] pci 0000:00:01.1: legacy IDE quirk: reg 0x18: [io  0x0170-0x0177]
[    1.276693] pci 0000:00:01.1: legacy IDE quirk: reg 0x1c: [io  0x0376]
[    1.312940] ACPI: PCI Interrupt Link [LNKA] (IRQs 5 9 10 11) *0, disabled.
[    1.367991] ACPI: PCI Interrupt Link [LNKB] (IRQs 5 9 10 *11)
[    1.390331] ACPI: PCI Interrupt Link [LNKC] (IRQs 5 9 *10 11)
[    1.403893] ACPI: PCI Interrupt Link [LNKD] (IRQs 5 *9 10 11)
[    1.429464] ACPI: Enabled 2 GPEs in block 00 to 07
[    1.442544] vgaarb: setting as boot device: PCI:0000:00:02.0
[    1.445405] vgaarb: device added: PCI:0000:00:02.0,decodes=io+mem,owns=io+mem,locks=none
[    1.471760] vgaarb: loaded
[    1.475252] vgaarb: bridge control possible 0000:00:02.0
[    1.481520] SCSI subsystem initialized
[    1.483680] ACPI: bus type USB registered
[    1.485690] usbcore: registered new interface driver usbfs
[    1.488038] usbcore: registered new interface driver hub
[    1.490349] usbcore: registered new device driver usb
[    1.492887] PCI: Using ACPI for IRQ routing
[    1.495811] NetLabel: Initializing
[    1.497633] NetLabel:  domain hash size = 128
[    1.499674] NetLabel:  protocols = UNLABELED CIPSOv4
[    1.507408] NetLabel:  unlabeled traffic allowed by default
[    1.511398] clocksource: Switched to clocksource kvm-clock
[    1.530389] AppArmor: AppArmor Filesystem Enabled
[    1.541628] pnp: PnP ACPI init
[    1.545064] pnp: PnP ACPI: found 3 devices
[    1.594416] clocksource: acpi_pm: mask: 0xffffff max_cycles: 0xffffff, max_idle_ns: 2085701024 ns
[    1.602718] NET: Registered protocol family 2
[    1.605261] TCP established hash table entries: 4096 (order: 3, 32768 bytes)
[    1.620970] TCP bind hash table entries: 4096 (order: 4, 65536 bytes)
[    1.626441] TCP: Hash tables configured (established 4096 bind 4096)
[    1.638239] UDP hash table entries: 256 (order: 1, 8192 bytes)
[    1.640973] UDP-Lite hash table entries: 256 (order: 1, 8192 bytes)
[    1.652927] NET: Registered protocol family 1
[    1.655001] pci 0000:00:00.0: Limiting direct PCI/PCI transfers
[    1.657541] pci 0000:00:01.0: Activating ISA DMA hang workarounds
[    1.661530] Trying to unpack rootfs image as initramfs...
[    1.949629] Freeing initrd memory: 10636K (ffff88001ec8a000 - ffff88001f6ed000)
[    1.970796] platform rtc_cmos: registered platform RTC device (no PNP device found)
[    1.989003] Scanning for low memory corruption every 60 seconds
[    1.997482] futex hash table entries: 256 (order: 2, 16384 bytes)
[    2.018376] audit: initializing netlink subsys (disabled)
[    2.026300] audit: type=2000 audit(1470334531.766:1): initialized
[    2.029261] Initialise system trusted keyring
[    2.031382] HugeTLB registered 2 MB page size, pre-allocated 0 pages
[    2.035941] zbud: loaded
[    2.037566] VFS: Disk quotas dquot_6.6.0
[    2.039427] VFS: Dquot-cache hash table entries: 512 (order 0, 4096 bytes)
[    2.042666] squashfs: version 4.0 (2009/01/31) Phillip Lougher
[    2.045421] fuse init (API version 7.23)
[    2.047473] Key type big_key registered
[    2.049345] Allocating IMA MOK and blacklist keyrings.
[    2.052005] Key type asymmetric registered
[    2.053930] Asymmetric key parser 'x509' registered
[    2.060535] Block layer SCSI generic (bsg) driver version 0.4 loaded (major 249)
[    2.070677] io scheduler noop registered
[    2.077345] io scheduler deadline registered (default)
[    2.080909] io scheduler cfq registered
[    2.083823] pci_hotplug: PCI Hot Plug PCI Core version: 0.5
[    2.092065] pciehp: PCI Express Hot Plug Controller Driver version: 0.4
[    2.101689] ACPI: AC Adapter [AC] (on-line)
[    2.105625] input: Power Button as /devices/LNXSYSTM:00/LNXPWRBN:00/input/input0
[    2.109146] ACPI: Power Button [PWRF]
[    2.115772] input: Sleep Button as /devices/LNXSYSTM:00/LNXSLPBN:00/input/input1
[    2.121309] ACPI: Sleep Button [SLPF]
[    2.123383] GHES: HEST is not enabled!
[    2.125698] Serial: 8250/16550 driver, 32 ports, IRQ sharing enabled
[    2.153974] 00:02: ttyS0 at I/O 0x3f8 (irq = 4, base_baud = 115200) is a 16550A
[    2.158912] Linux agpgart interface v0.103
[    2.176487] brd: module loaded
[    2.182136] loop: module loaded
[    2.191147] scsi host0: ata_piix
[    2.192870] scsi host1: ata_piix
[    2.194995] ata1: PATA max UDMA/33 cmd 0x1f0 ctl 0x3f6 bmdma 0xd000 irq 14
[    2.197851] ata2: PATA max UDMA/33 cmd 0x170 ctl 0x376 bmdma 0xd008 irq 15
[    2.201572] libphy: Fixed MDIO Bus: probed
[    2.205297] tun: Universal TUN/TAP device driver, 1.6
[    2.207444] tun: (C) 1999-2004 Max Krasnyansky <maxk@qualcomm.com>
[    2.210161] PPP generic driver version 2.4.2
[    2.215525] ehci_hcd: USB 2.0 'Enhanced' Host Controller (EHCI) Driver
[    2.218185] ehci-pci: EHCI PCI platform driver
[    2.220219] ehci-platform: EHCI generic platform driver
[    2.225698] ohci_hcd: USB 1.1 'Open' Host Controller (OHCI) Driver
[    2.228226] ohci-pci: OHCI PCI platform driver
[    2.234964] ohci-platform: OHCI generic platform driver
[    2.241486] uhci_hcd: USB Universal Host Controller Interface driver
[    2.244198] i8042: PNP: PS/2 Controller [PNP0303:PS2K,PNP0f03:PS2M] at 0x60,0x64 irq 1,12
[    2.249190] serio: i8042 KBD port at 0x60,0x64 irq 1
[    2.251384] serio: i8042 AUX port at 0x60,0x64 irq 12
[    2.255625] mousedev: PS/2 mouse device common for all mice
[    2.258392] input: AT Translated Set 2 keyboard as /devices/platform/i8042/serio0/input/input2
[    2.268422] rtc_cmos rtc_cmos: rtc core: registered rtc_cmos as rtc0
[    2.271192] rtc_cmos rtc_cmos: alarms up to one day, 114 bytes nvram
[    2.275676] i2c /dev entries driver
[    2.278664] device-mapper: uevent: version 1.0.3
[    2.283302] device-mapper: ioctl: 4.34.0-ioctl (2015-10-28) initialised: dm-devel@redhat.com
[    2.287119] ledtrig-cpu: registered to indicate activity on CPUs
[    2.296504] NET: Registered protocol family 10
[    2.298833] NET: Registered protocol family 17
[    2.300880] Key type dns_resolver registered
[    2.302989] microcode: CPU0 sig=0x10676, pf=0x40, revision=0x60b
[    2.305563] microcode: Microcode Update Driver: v2.01 <tigran@aivazian.fsnet.co.uk>, Peter Oruba
[    2.314685] registered taskstats version 1
[    2.320270] Loading compiled-in X.509 certificates
[    2.323435] Loaded X.509 cert 'Build time autogenerated kernel key: cfb4d0870811f0d88a3f3259915bd8e83759f99c'
[    2.327664] zswap: loaded using pool lzo/zbud
[    2.339595] Key type trusted registered
[    2.362050] Key type encrypted registered
[    2.365657] AppArmor: AppArmor sha1 policy hashing enabled
[    2.368278] ima: No TPM chip found, activating TPM-bypass!
[    2.376071] evm: HMAC attrs: 0x1
[    2.380420]   Magic number: 12:939:290
[    2.382220] tty tty23: hash matches
[    2.384099] rtc_cmos rtc_cmos: setting system clock to 2016-08-04 18:15:26 UTC (1470334526)
[    2.389680] BIOS EDD facility v0.16 2004-Jun-25, 0 devices found
[    2.392172] EDD information not available.
[    2.400849] Freeing unused kernel memory: 1480K (ffffffff81f42000 - ffffffff820b4000)
[    2.407573] Write protecting the kernel read-only data: 14336k
[    2.424360] Freeing unused kernel memory: 1836K (ffff880001835000 - ffff880001a00000)
[    2.430593] Freeing unused kernel memory: 156K (ffff880001dd9000 - ffff880001e00000)
Loading, please wait...
starting version 229
[    2.539283] random: systemd-udevd urandom read with 4 bits of entropy available
[    2.711182] Fusion MPT base driver 3.04.20
[    2.715373] Copyright (c) 1999-2008 LSI Corporation
[    2.722526] e1000: Intel(R) PRO/1000 Network Driver - version 7.3.21-k8-NAPI
[    2.725411] e1000: Copyright (c) 1999-2006 Intel Corporation.
[    2.825869] Fusion MPT SPI Host driver 3.04.20
[    2.942117] input: ImExPS/2 Generic Explorer Mouse as /devices/platform/i8042/serio1/input/input4
[    2.969543] tsc: Refined TSC clocksource calibration: 2659.922 MHz
[    2.977145] clocksource: tsc: mask: 0xffffffffffffffff max_cycles: 0x26575a6ccdc, max_idle_ns: 440795342194 ns
[    3.667068] e1000 0000:00:03.0 eth0: (PCI:33MHz:32-bit) 02:8e:fe:b7:15:d8
[    3.671898] e1000 0000:00:03.0 eth0: Intel(R) PRO/1000 Network Connection
[    3.681445] mptbase: ioc0: Initiating bringup
[    3.748941] ioc0: LSI53C1030 A0: Capabilities={Initiator}
[    3.915474] scsi host2: ioc0: LSI53C1030 A0, FwRev=00000000h, Ports=1, MaxQ=256, IRQ=20
[    4.035570] scsi 2:0:0:0: Direct-Access     VBOX     HARDDISK         1.0  PQ: 0 ANSI: 5
[    4.043400] scsi target2:0:0: Beginning Domain Validation
[    4.049177] scsi target2:0:0: Domain Validation skipping write tests
[    4.056553] scsi target2:0:0: Ending Domain Validation
[    4.058878] scsi target2:0:0: asynchronous
[    4.089175] scsi 2:0:1:0: Direct-Access     VBOX     HARDDISK         1.0  PQ: 0 ANSI: 5
[    4.108097] scsi target2:0:1: Beginning Domain Validation
[    4.121248] scsi target2:0:1: Domain Validation skipping write tests
[    4.125435] scsi target2:0:1: Ending Domain Validation
[    4.139239] scsi target2:0:1: asynchronous
[    4.271686] sd 2:0:0:0: [sda] 20971520 512-byte logical blocks: (10.7 GB/10.0 GiB)
[    4.277032] sd 2:0:0:0: Attached scsi generic sg0 type 0
[    4.281213] sd 2:0:1:0: [sdb] 20480 512-byte logical blocks: (10.5 MB/10.0 MiB)
[    4.286593] sd 2:0:1:0: Attached scsi generic sg1 type 0
[    4.296720] sd 2:0:0:0: [sda] Write Protect is off
[    4.300416] sd 2:0:1:0: [sdb] Write Protect is off
[    4.304965] sd 2:0:0:0: [sda] Incomplete mode parameter data
[    4.309559] sd 2:0:0:0: [sda] Assuming drive cache: write through
[    4.324642] sd 2:0:1:0: [sdb] Incomplete mode parameter data
[    4.336546] sd 2:0:1:0: [sdb] Assuming drive cache: write through
[    4.375074]  sda: sda1
[    4.395210] sd 2:0:0:0: [sda] Attached SCSI disk
[    4.401007] sd 2:0:1:0: [sdb] Attached SCSI disk
[    4.732059] e1000 0000:00:08.0 eth1: (PCI:33MHz:32-bit) 08:00:27:c1:a7:a7
[    4.736058] e1000 0000:00:08.0 eth1: Intel(R) PRO/1000 Network Connection
[    4.740997] e1000 0000:00:08.0 enp0s8: renamed from eth1
[    4.752584] e1000 0000:00:03.0 enp0s3: renamed from eth0
[    5.758680] floppy0: no floppy controllers found
Begin: Loading essential drivers ... [    7.899932] md: linear personality registered for level -1
[    7.972088] md: multipath personality registered for level -4
[    8.014390] md: raid0 personality registered for level 0
[    8.064236] md: raid1 personality registered for level 1
[    8.199721] raid6: sse2x1   gen()  3458 MB/s
[    8.268514] raid6: sse2x1   xor()  4265 MB/s
[    8.343364] raid6: sse2x2   gen()  4222 MB/s
[    8.417346] raid6: sse2x2   xor()  5373 MB/s
[    8.491970] raid6: sse2x4   gen()  6970 MB/s
[    8.563476] raid6: sse2x4   xor()  5367 MB/s
[    8.567473] raid6: using algorithm sse2x4 gen() 6970 MB/s
[    8.570364] raid6: .... xor() 5367 MB/s, rmw enabled
[    8.572826] raid6: using ssse3x2 recovery algorithm
[    8.603624] xor: measuring software checksum speed
[    8.659323]    prefetch64-sse: 15957.000 MB/sec
[    8.703628]    generic_sse:  8655.000 MB/sec
[    8.710706] xor: using function: prefetch64-sse (15957.000 MB/sec)
[    8.728384] async_tx: api initialized (async)
[    8.785047] md: raid6 personality registered for level 6
[    8.790876] md: raid5 personality registered for level 5
[    8.793185] md: raid4 personality registered for level 4
[    8.868784] md: raid10 personality registered for level 10
done.
Begin: Running /scripts/init-premount ... done.
Begin: Mounting root file system ... Begin: Running /scripts/local-top ... done.
Begin: Running /scripts/local-premount ... [    9.076600] Btrfs loaded
Scanning for Btrfs filesystems
done.
Warning: fsck not present, so skipping root file system
[    9.458175] EXT4-fs (sda1): mounted filesystem with ordered data mode. Opts: (null)
done.
Begin: Running /scripts/local-bottom ... done.
Begin: Running /scripts/init-bottom ... Warning: overlayroot: debug is busted
done.
[   11.199290] random: nonblocking pool is initialized
[   12.979525] systemd[1]: systemd 229 running in system mode. (+PAM +AUDIT +SELINUX +IMA +APPARMOR +SMACK +SYSVINIT +UTMP +LIBCRYPTSETUP +GCRYPT +GNUTLS +ACL +XZ -LZ4 +SECCOMP +BLKID +ELFUTILS +KMOD -IDN)
[   13.042061] systemd[1]: Detected virtualization oracle.
[   13.052039] systemd[1]: Detected architecture x86-64.

Welcome to [1mUbuntu 16.04 LTS[0m!

[   13.357242] systemd[1]: Set hostname to <basic>.
[   15.550667] systemd[1]: Listening on LVM2 poll daemon socket.
[[0;32m  OK  [0m] Listening on LVM2 poll daemon socket.
[   15.580291] systemd[1]: Reached target User and Group Name Lookups.
[[0;32m  OK  [0m] Reached target User and Group Name Lookups.
[   15.600597] systemd[1]: Listening on LVM2 metadata daemon socket.
[[0;32m  OK  [0m] Listening on LVM2 metadata daemon socket.
[   15.620572] systemd[1]: Listening on /dev/initctl Compatibility Named Pipe.
[[0;32m  OK  [0m] Listening on /dev/initctl Compatibility Named Pipe.
[   15.648319] systemd[1]: Listening on udev Control Socket.
[[0;32m  OK  [0m] Listening on udev Control Socket.
[   15.700752] systemd[1]: Listening on udev Kernel Socket.
[[0;32m  OK  [0m] Listening on udev Kernel Socket.
[   15.727614] systemd[1]: Listening on Journal Socket.
[[0;32m  OK  [0m] Listening on Journal Socket.
[   15.749906] systemd[1]: Reached target Swap.
[[0;32m  OK  [0m] Reached target Swap.
[   15.764379] systemd[1]: Listening on Journal Audit Socket.
[[0;32m  OK  [0m] Listening on Journal Audit Socket.
[   15.772478] systemd[1]: Created slice User and Session Slice.
[[0;32m  OK  [0m] Created slice User and Session Slice.
[   15.788279] systemd[1]: Started Forward Password Requests to Wall Directory Watch.
[[0;32m  OK  [0m] Started Forward Password Requests to Wall Directory Watch.
[   15.841498] systemd[1]: Created slice System Slice.
[[0;32m  OK  [0m] Created slice System Slice.
[   15.885646] systemd[1]: Starting Uncomplicated firewall...
         Starting Uncomplicated firewall...
[   15.944286] systemd[1]: Mounting POSIX Message Queue File System...
         Mounting POSIX Message Queue File System...
[   16.003055] systemd[1]: Starting Create list of required static device nodes for the current kernel...
         Starting Create list of required st... nodes for the current kernel...
[   16.103196] systemd[1]: Starting Remount Root and Kernel File Systems...
         Starting Remount Root and Kernel File Systems...
[   16.311590] systemd[1]: Mounting Debug File System...
         Mounting Debug File System...
[   16.361969] EXT4-fs (sda1): re-mounted. Opts: (null)
[   16.371073] systemd[1]: Reached target Slices.
[[0;32m  OK  [0m] Reached target Slices.
[   16.387690] systemd[1]: Mounting RPC Pipe File System...
         Mounting RPC Pipe File System...
[   16.422361] systemd[1]: Mounting Huge Pages File System...
         Mounting Huge Pages File System...
[   16.461605] systemd[1]: Created slice system-getty.slice.
[[0;32m  OK  [0m] Created slice system-getty.slice.
[   16.497260] RPC: Registered named UNIX socket transport module.
[   16.501432] RPC: Registered udp transport module.
[   16.503590] RPC: Registered tcp transport module.
[   16.505674] RPC: Registered tcp NFSv4.1 backchannel transport module.
[   16.511889] systemd[1]: Reached target Encrypted Volumes.
[[0;32m  OK  [0m] Reached target Encrypted Volumes.
[   16.550957] systemd[1]: Starting Load Kernel Modules...
         Starting Load Kernel Modules...
[   16.574762] systemd[1]: Listening on Journal Socket (/dev/log).
[[0;32m  OK  [0m] Listening on Journal Socket (/dev/log).
[   16.596229] systemd[1]: Listening on Syslog Socket.
[[0;32m  OK  [0m] Listening on Syslog Socket.
[   16.618872] Loading iSCSI transport class v2.0-870.
[   16.624851] systemd[1]: Starting Journal Service...
         Starting Journal Service...
[   16.648061] systemd[1]: Created slice system-serial\x2dgetty.slice.
[[0;32m  OK  [0m] Created slice system-serial\x2dgetty.slice.
[   16.668524] systemd[1]: Listening on Device-mapper event daemon FIFOs.
[   16.681882] iscsi: registered transport (tcp)
[[0;32m  OK  [0m] Listening on Device-mapper event daemon FIFOs.
[   16.703235] systemd[1]: Starting Monitoring of LVM2 mirrors, snapshots etc. using dmeventd or progress polling...
         Starting Monitoring of LVM2 mirrors... dmeventd or progress polling...
[   16.726104] systemd[1]: Set up automount Arbitrary Executable File Formats File System Automount Point.
[[0;32m  OK  [0m] Set up automount Arbitrary Executab...ats File System Automount Point.
[   16.798875] systemd[1]: Starting Nameserver information manager...
         Starting Nameserver information manager...
[   16.844125] systemd[1]: Mounted RPC Pipe File System.
[[0;32m  OK  [0m] Mounted RPC Pipe File System.
[   16.871750] systemd[1]: Mounted Debug File System.
[[0;32m  OK  [0m] Mounted Debug File System.
[   16.884254] systemd[1]: Mounted POSIX Message Queue File System.
[[0;32m  OK  [0m] Mounted POSIX Message Queue File System.
[   16.897287] systemd[1]: Mounted Huge Pages File System.
[[0;32m  OK  [0m] Mounted Huge Pages File System.
[   16.905958] systemd[1]: Started Uncomplicated firewall.
[[0;32m  OK  [0m] Started Uncomplicated firewall.
[   16.919450] systemd[1]: Started Create list of required static device nodes for the current kernel.
[[0;32m  OK  [0m] Started Create list of required sta...ce nodes for the current kernel.
[   16.940873] systemd[1]: Started Remount Root and Kernel File Systems.
[[0;32m  OK  [0m] Started Remount Root and Kernel File Systems.
[   17.103232] systemd[1]: Starting udev Coldplug all Devices...
         Starting udev Coldplug all Devices...
[   17.172415] systemd[1]: Starting Load/Save Random Seed...
         Starting Load/Save Random Seed...
[   17.315615] systemd[1]: Starting Create Static Device Nodes in /dev...
         Starting Create Static Device Nodes in /dev...
[   17.382144] systemd[1]: Started Journal Service.
[[0;32m  OK  [0m] Started Journal Service.
[[0;32m  OK  [0m] Started Load/Save Random Seed.
[   17.576613] iscsi: registered transport (iser)
[[0;32m  OK  [0m] Started Nameserver information manager.
[[0;32m  OK  [0m] Started Load Kernel Modules.
         Mounting FUSE Control File System...
         Starting Apply Kernel Variables...
[[0;32m  OK  [0m] Started LVM2 metadata daemon.
         Starting Flush Journal to Persistent Storage...
[[0;32m  OK  [0m] Mounted FUSE Control File System.
[[0;32m  OK  [0m] Started Create Static Device Nodes in /dev.
[[0;32m  OK  [0m] Started Apply Kernel Variables.
[[0;32m  OK  [0m] Started udev Coldplug all Devices.
         Starting udev Kernel Device Manager...
[[0;32m  OK  [0m] Started Flush Journal to Persistent Storage.
[[0;32m  OK  [0m] Started Monitoring of LVM2 mirrors,...ng dmeventd or progress polling.
[[0;32m  OK  [0m] Started udev Kernel Device Manager.
[[0;32m  OK  [0m] Started Dispatch Password Requests to Console Directory Watch.
[[0;32m  OK  [0m] Reached target Local File Systems (Pre).
[[0;32m  OK  [0m] Reached target Local File Systems.
         Starting Initial cloud-init job (pre-networking)...
         Starting Preprocess NFS configuration...
         Starting LSB: AppArmor initialization...
         Starting Create Volatile Files and Directories...
         Starting Tell Plymouth To Write Out Runtime Data...
         Starting Set console keymap...
[[0;32m  OK  [0m] Started Tell Plymouth To Write Out Runtime Data.
[[0;32m  OK  [0m] Started Preprocess NFS configuration.
[[0;32m  OK  [0m] Reached target NFS client services.
[[0;32m  OK  [0m] Found device /dev/ttyS0.
[[0;32m  OK  [0m] Started Create Volatile Files and Directories.
         Starting Update UTMP about System Boot/Shutdown...
         Starting Network Time Synchronization...
[[0;32m  OK  [0m] Started Update UTMP about System Boot/Shutdown.
[[0;32m  OK  [0m] Started Network Time Synchronization.
[[0;32m  OK  [0m] Reached target System Time Synchronized.
[[0;32m  OK  [0m] Started Set console keymap.
[[0;32m  OK  [0m] Listening on Load/Save RF Kill Switch Status /dev/rfkill Watch.
[[0;32m  OK  [0m] Found device 82540EM Gigabit Ethern...r (PRO/1000 MT Desktop Adapter).
[[0;32m  OK  [0m] Found device 82540EM Gigabit Ethern...r (PRO/1000 MT Desktop Adapter).
[[0;32m  OK  [0m] Started LSB: AppArmor initialization.
[[0;32m  OK  [0m] Reached target System Initialization.
         Starting LXD - unix socket.
[[0;32m  OK  [0m] Listening on ACPID Listen Socket.
[[0;32m  OK  [0m] Started Trigger resolvconf update for networkd DNS.
         Starting Socket activation for snappy daemon.
[[0;32m  OK  [0m] Listening on RPCbind Server Activation Socket.
[[0;32m  OK  [0m] Started ACPI Events Check.
[[0;32m  OK  [0m] Reached target Paths.
[[0;32m  OK  [0m] Started Daily Cleanup of Temporary Directories.
[[0;32m  OK  [0m] Listening on D-Bus System Message Bus Socket.
[[0;32m  OK  [0m] Started Timer to automatically refresh installed snaps.
[[0;32m  OK  [0m] Listening on UUID daemon activation socket.
[[0;32m  OK  [0m] Started Daily apt activities.
[[0;32m  OK  [0m] Reached target Timers.
[[0;32m  OK  [0m] Listening on LXD - unix socket.
[[0;32m  OK  [0m] Listening on Socket activation for snappy daemon.
[[0;32m  OK  [0m] Reached target Sockets.
[[0;32m  OK  [0m] Reached target Basic System.
         Starting Login Service...
[[0;32m  OK  [0m] Started Regular background program processing daemon.
[[0;32m  OK  [0m] Started ACPI event daemon.
[[0;32m  OK  [0m] Started Deferred execution scheduler.
         Starting System Logging Service...
         Starting LSB: Record successful boot for GRUB...
         Starting Accounts Service...
[[0;32m  OK  [0m] Started D-Bus System Message Bus.
[[0;32m  OK  [0m] Started FUSE filesystem for LXC.
[[0;32m  OK  [0m] Started Snappy daemon.
         Starting LSB: MD monitoring daemon...
         Starting LXD - container startup/shutdown...
[[0;32m  OK  [0m] Started System Logging Service.
[[0;32m  OK  [0m] Started Login Service.
         Starting Authenticate and Authorize Users to Run Privileged Tasks...
[[0;32m  OK  [0m] Started LSB: MD monitoring daemon.
[[0;32m  OK  [0m] Started LSB: Record successful boot for GRUB.
[[0;32m  OK  [0m] Started Authenticate and Authorize Users to Run Privileged Tasks.
[[0;32m  OK  [0m] Started Accounts Service.
[[0;32m  OK  [0m] Started LXD - container startup/shutdown.
[   28.130170] cloud-init[489]: Cloud-init v. 0.7.7 running 'init-local' at Thu, 04 Aug 2016 18:15:51 +0000. Up 26.77 seconds.
[[0;32m  OK  [0m] Started Initial cloud-init job (pre-networking).
[[0;32m  OK  [0m] Reached target Network (Pre).
[[0;32m  OK  [0m] Started ifup for enp0s3.
[[0;32m  OK  [0m] Started ifup for enp0s8.
         Starting Raise network interfaces...
[[0;32m  OK  [0m] Started Raise network interfaces.
[[0;32m  OK  [0m] Reached target Network.
         Starting A high performance web server and a reverse proxy server...
         Starting MySQL Community Server...
         Starting The PHP 7.0 FastCGI Process Manager...
         Starting Initial cloud-init job (metadata service crawler)...
[[0;32m  OK  [0m] Started A high performance web server and a reverse proxy server.
[[0;32m  OK  [0m] Started The PHP 7.0 FastCGI Process Manager.
[   34.438373] cloud-init[1091]: Cloud-init v. 0.7.7 running 'init' at Thu, 04 Aug 2016 18:15:55 +0000. Up 31.19 seconds.
[   34.458067] cloud-init[1091]: ci-info: ++++++++++++++++++++++++++++++++++++++Net device info++++++++++++++++++++++++++++++++++++++
[   34.476410] cloud-init[1091]: ci-info: +--------+------+-----------------------------+---------------+-------+-------------------+
[   34.492987] cloud-init[1091]: ci-info: | Device |  Up  |           Address           |      Mask     | Scope |     Hw-Address    |
[   34.518157] cloud-init[1091]: ci-info: +--------+------+-----------------------------+---------------+-------+-------------------+
[   34.548230] cloud-init[1091]: ci-info: | enp0s8 | True |        192.168.33.88        | 255.255.255.0 |   .   | 08:00:27:c1:a7:a7 |
[   34.570923] cloud-init[1091]: ci-info: | enp0s8 | True | fe80::a00:27ff:fec1:a7a7/64 |       .       |  link | 08:00:27:c1:a7:a7 |
[   34.612715] cloud-init[1091]: ci-info: |   lo   | True |          127.0.0.1          |   255.0.0.0   |   .   |         .         |
[   34.640141] cloud-init[1091]: ci-info: |   lo   | True |           ::1/128           |       .       |  host |         .         |
[   34.685030] cloud-init[1091]: ci-info: | enp0s3 | True |          10.0.2.15          | 255.255.255.0 |   .   | 02:8e:fe:b7:15:d8 |
[   34.719517] cloud-init[1091]: ci-info: | enp0s3 | True |  fe80::8e:feff:feb7:15d8/64 |       .       |  link | 02:8e:fe:b7:15:d8 |
[   34.754185] cloud-init[1091]: ci-info: +--------+------+-----------------------------+---------------+-------+-------------------+
[   34.781765] cloud-init[1091]: ci-info: ++++++++++++++++++++++++++++Route IPv4 info++++++++++++++++++++++++++++
[   34.805616] cloud-init[1091]: ci-info: +-------+--------------+----------+---------------+-----------+-------+
[   34.904834] cloud-init[1091]: ci-info: | Route | Destination  | Gateway  |    Genmask    | Interface | Flags |
[[0;32m  OK  [0m] [   34.949901] cloud-init[1091]: ci-info: +-------+--------------+----------+---------------+-----------+-------+Started Initial cloud-init job (metadata service crawler).
[[0;32m  OK  [0m] Reached target Network is Online.
[   34.972208] 
cloud-init[1091]: ci-info: |   0   |   0.0.0.0    | 10.0.2.2 |    0.0.0.0    |   enp0s3  |   UG  |
[   34.979559] cloud-init[1091]: ci-info: |   1   |   10.0.2.0   | 0.0.0.0  | 255.255.255.0 |   enp0s3  |   U   |
[   34.987929] cloud-init[1091]: ci-info: |   2   | 192.168.33.0 | 0.0.0.0  | 255.255.255.0 |   enp0s8  |   U   |
[   34.996374] cloud-init[1091]: ci-info: +-------+--------------+----------+---------------+-----------+-------+
         Starting iSCSI initiator daemon (iscsid)...
         Starting /etc/rc.local Compatibility...
[[0;32m  OK  [0m] Reached target Cloud-config availability.
         Starting Apply the settings specified in cloud-config...
         Starting OpenBSD Secure Shell server...
[[0;32m  OK  [0m] Started /etc/rc.local Compatibility.
[[0;32m  OK  [0m] Started iSCSI initiator daemon (iscsid).
         Starting Login to default iSCSI targets...
[[0;32m  OK  [0m] Started Login to default iSCSI targets.
[[0;32m  OK  [0m] Reached target Remote File Systems (Pre).
[[0;32m  OK  [0m] Reached target Remote File Systems.
         Starting LSB: daemon to balance interrupts for SMP systems...
         Starting LSB: automatic crash report generation...
         Starting LSB: Set the CPU Frequency Scaling governor to "ondemand"...
         Starting Permit User Sessions...
[[0;32m  OK  [0m] Started Permit User Sessions.
         Starting Hold until boot process finishes up...
         Starting Terminate Plymouth Boot Screen...
[[0;32m  OK  [0m] Started Hold until boot process finishes up.
[[0;32m  OK  [0m] Started Serial Getty on ttyS0.
[[0;32m  OK  [0m] Started Getty on tty1.
[[0;32m  OK  [0m] Reached target Login Prompts.
[[0;32m  OK  [0m] Started Terminate Plymouth Boot Screen.
[[0;32m  OK  [0m] Started OpenBSD Secure Shell server.
[[0;32m  OK  [0m] Started LSB: Set the CPU Frequency Scaling governor to "ondemand".
[[0;32m  OK  [0m] Started LSB: daemon to balance interrupts for SMP systems.
[[0;32m  OK  [0m] Started LSB: automatic crash report generation.
[[0;32m  OK  [0m] Created slice User Slice of ubuntu.
         Starting User Manager for UID 1000...
[[0;32m  OK  [0m] Started Session 1 of user ubuntu.
[[0;32m  OK  [0m] Started User Manager for UID 1000.
[   39.827937] cloud-init[1190]: Cloud-init v. 0.7.7 running 'modules:config' at Thu, 04 Aug 2016 18:16:03 +0000. Up 38.46 seconds.
[[0;32m  OK  [0m] Started MySQL Community Server.
[[0;32m  OK  [0m] Started Apply the settings specified in cloud-config.
         Starting Execute cloud user/final scripts...
[   41.844067] cloud-init[1356]: Cloud-init v. 0.7.7 running 'modules:final' at Thu, 04 Aug 2016 18:16:06 +0000. Up 41.25 seconds.
[   41.962462] cloud-init[1356]: Cloud-init v. 0.7.7 finished at Thu, 04 Aug 2016 18:16:06 +0000. Datasource DataSourceNoCloud [seed=/dev/sdb][dsmode=net].  Up 41.65 seconds

Ubuntu 16.04 LTS basic ttyS0

basic login: 